fatal: FATAL: no funciona ningun producto
error: Error en el procedimiento de restablecimiento de contraseña - generatePwdResetLink is not defined
error: Error en el procedimiento de restablecimiento de contraseña - generatePwdResetLink is not defined
error: Error in password reset procedure - secretOrPrivateKey must have a value
fatal: FATAL: no funciona ningun producto
fatal: Usuario no encontrado
fatal: Usuario no encontrado
fatal: Fatal error: 
fatal: Fatal error: 
fatal: Fatal error: 
fatal: Logued user not found
fatal: Error en el servidor
fatal: Error en el servidor
fatal: Error en el servidor
fatal: Error en el servidor
fatal: Error en el servidor
fatal: Error en el servidor
fatal: Error en el servidor
fatal: Error en el servidor
fatal: Usuario no encontrado
fatal: Error en el servidor
fatal: Usuario no encontrado
fatal: Usuario no encontrado
fatal: Usuario no encontrado
fatal: Error en el servidor
fatal: Usuario no encontrado
fatal: Usuario no encontrado
fatal: Usuario no encontrado
fatal: Usuario no encontrado
fatal: Usuario no encontrado
fatal: Error en el servidor
fatal: Error en el servidor
fatal: Error en el servidor
fatal: Error en el servidor
fatal: Error en el servidor
fatal: Error en el servidor
fatal: Error en el servidor
fatal: Error en el servidor
fatal: Error en el servidor
fatal: Error en el servidor
fatal: Error en el servidor
fatal: Error en el servidor
fatal: Error en el servidor
fatal: Error en el servidor
fatal: Error en el servidor
fatal: Error en el servidor
fatal: Usuario no encontrado
fatal: Usuario no encontrado
fatal: Usuario no encontrado
fatal: Usuario no encontrado
fatal: Usuario no encontrado
fatal: Usuario no encontrado
fatal: Usuario no encontrado
fatal: Error en el servidor
fatal: Error en el servidor
fatal: Error en el servidor
fatal: Error en el servidor
fatal: Error en el servidor
fatal: Error en el servidor
fatal: Error en el servidor
fatal: Error en el servidor
fatal: Error en el servidor
fatal: Error en el servidor
fatal: Usuario no encontrado
fatal: Usuario no encontrado
fatal: Usuario no encontrado
fatal: Usuario no encontrado
fatal: Usuario no encontrado
fatal: Usuario no encontrado
fatal: Usuario no encontrado
fatal: Usuario no encontrado
fatal: Usuario no encontrado
fatal: Usuario no encontrado
fatal: Usuario no encontrado
fatal: Usuario no encontrado
fatal: Usuario no encontrado
fatal: Usuario no encontrado
fatal: Usuario no encontrado
fatal: Usuario no encontrado
fatal: Usuario no encontrado
fatal: Usuario no encontrado
fatal: Usuario no encontrado
fatal: Usuario no encontrado
fatal: Usuario no encontrado
fatal: Usuario no encontrado
fatal: Usuario no encontrado
fatal: Usuario no encontrado
fatal: Usuario no encontrado
fatal: Usuario no encontrado
fatal: Usuario no encontrado
fatal: Usuario no encontrado
fatal: Usuario no encontrado
fatal: Usuario no encontrado
fatal: Usuario no encontrado
fatal: Usuario no encontrado
fatal: Usuario no encontrado
fatal: Usuario no encontrado
fatal: Usuario no encontrado
fatal: Usuario no encontrado
fatal: Usuario no encontrado
fatal: Usuario no encontrado
fatal: Usuario no encontrado
fatal: Usuario no encontrado
fatal: Usuario no encontrado
fatal: Usuario no encontrado
fatal: Usuario no encontrado
fatal: Usuario no encontrado
fatal: Usuario no encontrado
fatal: Usuario no encontrado
fatal: Usuario no encontrado
fatal: Usuario no encontrado
fatal: Usuario no encontrado
fatal: Usuario no encontrado
fatal: Usuario no encontrado
fatal: Error en el servidor
fatal: Error en el servidor
fatal: Error en el servidor
fatal: Usuario no encontrado
fatal: Usuario no encontrado
fatal: Usuario no encontrado
fatal: Usuario no encontrado
fatal: Usuario no encontrado
fatal: Usuario no encontrado
fatal: Usuario no encontrado
fatal: Usuario no encontrado
fatal: Usuario no encontrado
fatal: Usuario no encontrado
fatal: Usuario no encontrado
fatal: Usuario no encontrado
